[    0.000000] Initializing cgroup subsys cpuset
[    0.000000] Initializing cgroup subsys cpu
[    0.000000] Initializing cgroup subsys cpuacct
[    0.000000] Linux version 4.4.0-97-generic (buildd@lcy01-33) (gcc version 5.4.0 20160609 (Ubuntu 5.4.0-6ubuntu1~16.04.4) ) #120-Ubuntu SMP Tue Sep 19 17:28:18 UTC 2017 (Ubuntu 4.4.0-97.120-generic 4.4.87)
[    0.000000] Command line: BOOT_IMAGE=/boot/vmlinuz-4.4.0-97-generic root=LABEL=cloudimg-rootfs ro console=tty1 console=ttyS0
[    0.000000] KERNEL supported cpus:
[    0.000000]   Intel GenuineIntel
[    0.000000]   AMD AuthenticAMD
[    0.000000]   Centaur CentaurHauls
[    0.000000] x86/fpu: xstate_offset[2]:  576, xstate_sizes[2]:  256
[    0.000000] x86/fpu: Supporting XSAVE feature 0x01: 'x87 floating point registers'
[    0.000000] x86/fpu: Supporting XSAVE feature 0x02: 'SSE registers'
[    0.000000] x86/fpu: Supporting XSAVE feature 0x04: 'AVX registers'
[    0.000000] x86/fpu: Enabled xstate features 0x7, context size is 832 bytes, using 'standard' format.
[    0.000000] x86/fpu: Using 'lazy' FPU context switches.
[    0.000000] e820: BIOS-provided physical RAM map:
[    0.000000] BIOS-e820: [mem 0x0000000000000000-0x000000000009fbff] usable
[    0.000000] BIOS-e820: [mem 0x000000000009fc00-0x000000000009ffff] reserved
[    0.000000] BIOS-e820: [mem 0x00000000000f0000-0x00000000000fffff] reserved
[    0.000000] BIOS-e820: [mem 0x0000000000100000-0x000000003ffeffff] usable
[    0.000000] BIOS-e820: [mem 0x000000003fff0000-0x000000003fffffff] ACPI data
[    0.000000] BIOS-e820: [mem 0x00000000fec00000-0x00000000fec00fff] reserved
[    0.000000] BIOS-e820: [mem 0x00000000fee00000-0x00000000fee00fff] reserved
[    0.000000] BIOS-e820: [mem 0x00000000fffc0000-0x00000000ffffffff] reserved
[    0.000000] NX (Execute Disable) protection: active
[    0.000000] SMBIOS 2.5 present.
[    0.000000] Hypervisor detected: KVM
[    0.000000] e820: last_pfn = 0x3fff0 max_arch_pfn = 0x400000000
[    0.000000] MTRR: Disabled
[    0.000000] x86/PAT: MTRRs disabled, skipping PAT initialization too.
[    0.000000] CPU MTRRs all blank - virtualized system.
[    0.000000] x86/PAT: Configuration [0-7]: WB  WT  UC- UC  WB  WT  UC- UC  
[    0.000000] found SMP MP-table at [mem 0x0009fff0-0x0009ffff] mapped at [ffff88000009fff0]
[    0.000000] Scanning 1 areas for low memory corruption
[    0.000000] RAMDISK: [mem 0x36ac4000-0x37559fff]
[    0.000000] ACPI: Early table checksum verification disabled
[    0.000000] ACPI: RSDP 0x00000000000E0000 000024 (v02 VBOX  )
[    0.000000] ACPI: XSDT 0x000000003FFF0030 00003C (v01 VBOX   VBOXXSDT 00000001 ASL  00000061)
[    0.000000] ACPI: FACP 0x000000003FFF00F0 0000F4 (v04 VBOX   VBOXFACP 00000001 ASL  00000061)
[    0.000000] ACPI: DSDT 0x000000003FFF0470 0021C8 (v02 VBOX   VBOXBIOS 00000002 INTL 20160831)
[    0.000000] ACPI: FACS 0x000000003FFF0200 000040
[    0.000000] ACPI: FACS 0x000000003FFF0200 000040
[    0.000000] ACPI: APIC 0x000000003FFF0240 00005C (v02 VBOX   VBOXAPIC 00000001 ASL  00000061)
[    0.000000] ACPI: SSDT 0x000000003FFF02A0 0001CC (v01 VBOX   VBOXCPUT 00000002 INTL 20160831)
[    0.000000] No NUMA configuration found
[    0.000000] Faking a node at [mem 0x0000000000000000-0x000000003ffeffff]
[    0.000000] NODE_DATA(0) allocated [mem 0x3ffeb000-0x3ffeffff]
[    0.000000] kvm-clock: Using msrs 4b564d01 and 4b564d00
[    0.000000] kvm-clock: cpu 0, msr 0:3ffe3001, primary cpu clock
[    0.000000] kvm-clock: using sched offset of 3750227703 cycles
[    0.000000] clocksource: kvm-clock: mask: 0xffffffffffffffff max_cycles: 0x1cd42e4dffb, max_idle_ns: 881590591483 ns
[    0.000000] Zone ranges:
[    0.000000]   DMA      [mem 0x0000000000001000-0x0000000000ffffff]
[    0.000000]   DMA32    [mem 0x0000000001000000-0x000000003ffeffff]
[    0.000000]   Normal   empty
[    0.000000]   Device   empty
[    0.000000] Movable zone start for each node
[    0.000000] Early memory node ranges
[    0.000000]   node   0: [mem 0x0000000000001000-0x000000000009efff]
[    0.000000]   node   0: [mem 0x0000000000100000-0x000000003ffeffff]
[    0.000000] Initmem setup node 0 [mem 0x0000000000001000-0x000000003ffeffff]
[    0.000000] ACPI: PM-Timer IO Port: 0x4008
[    0.000000] IOAPIC[0]: apic_id 2, version 32, address 0xfec00000, GSI 0-23
[    0.000000] ACPI: INT_SRC_OVR (bus 0 bus_irq 0 global_irq 2 dfl dfl)
[    0.000000] ACPI: INT_SRC_OVR (bus 0 bus_irq 9 global_irq 9 high level)
[    0.000000] Using ACPI (MADT) for SMP configuration information
[    0.000000] smpboot: Allowing 2 CPUs, 0 hotplug CPUs
[    0.000000] PM: Registered nosave memory: [mem 0x00000000-0x00000fff]
[    0.000000] PM: Registered nosave memory: [mem 0x0009f000-0x0009ffff]
[    0.000000] PM: Registered nosave memory: [mem 0x000a0000-0x000effff]
[    0.000000] PM: Registered nosave memory: [mem 0x000f0000-0x000fffff]
[    0.000000] e820: [mem 0x40000000-0xfebfffff] available for PCI devices
[    0.000000] Booting paravirtualized kernel on KVM
[    0.000000] clocksource: refined-jiffies: mask: 0xffffffff max_cycles: 0xffffffff, max_idle_ns: 7645519600211568 ns
[    0.000000] setup_percpu: NR_CPUS:512 nr_cpumask_bits:512 nr_cpu_ids:2 nr_node_ids:1
[    0.000000] PERCPU: Embedded 34 pages/cpu @ffff88003fc00000 s98328 r8192 d32744 u1048576
[    0.000000] PV qspinlock hash table entries: 256 (order: 0, 4096 bytes)
[    0.000000] Built 1 zonelists in Node order, mobility grouping on.  Total pages: 257913
[    0.000000] Policy zone: DMA32
[    0.000000] Kernel command line: BOOT_IMAGE=/boot/vmlinuz-4.4.0-97-generic root=LABEL=cloudimg-rootfs ro console=tty1 console=ttyS0
[    0.000000] PID hash table entries: 4096 (order: 3, 32768 bytes)
[    0.000000] Memory: 1001724K/1048120K available (8480K kernel code, 1294K rwdata, 3984K rodata, 1492K init, 1316K bss, 46396K reserved, 0K cma-reserved)
[    0.000000] SLUB: HWalign=64, Order=0-3, MinObjects=0, CPUs=2, Nodes=1
[    0.000000] Hierarchical RCU implementation.
[    0.000000] 	Build-time adjustment of leaf fanout to 64.
[    0.000000] 	RCU restricting CPUs from NR_CPUS=512 to nr_cpu_ids=2.
[    0.000000] RCU: Adjusting geometry for rcu_fanout_leaf=64, nr_cpu_ids=2
[    0.000000] NR_IRQS:33024 nr_irqs:440 16
[    0.000000] Console: colour VGA+ 80x25
[    0.000000] console [tty1] enabled
[    0.000000] console [ttyS0] enabled
[    0.000000] tsc: Detected 2095.240 MHz processor
[    0.440602] Calibrating delay loop (skipped) preset value.. 4190.48 BogoMIPS (lpj=8380960)
[    0.442748] pid_max: default: 32768 minimum: 301
[    0.443933] ACPI: Core revision 20150930
[    0.446369] ACPI: 2 ACPI AML tables successfully acquired and loaded
[    0.448046] Security Framework initialized
[    0.449091] Yama: becoming mindful.
[    0.450045] AppArmor: AppArmor initialized
[    0.451217] Dentry cache hash table entries: 131072 (order: 8, 1048576 bytes)
[    0.453124] Inode-cache hash table entries: 65536 (order: 7, 524288 bytes)
[    0.455429] Mount-cache hash table entries: 2048 (order: 2, 16384 bytes)
[    0.464521] Mountpoint-cache hash table entries: 2048 (order: 2, 16384 bytes)
[    0.466279] Initializing cgroup subsys io
[    0.483653] Initializing cgroup subsys memory
[    0.500283] Initializing cgroup subsys devices
[    0.501385] Initializing cgroup subsys freezer
[    0.502489] Initializing cgroup subsys net_cls
[    0.524749] Initializing cgroup subsys perf_event
[    0.525905] Initializing cgroup subsys net_prio
[    0.527047] Initializing cgroup subsys hugetlb
[    0.528220] Initializing cgroup subsys pids
[    0.529407] CPU: Physical Processor ID: 0
[    0.530437] CPU: Processor Core ID: 0
[    0.532517] mce: CPU supports 0 MCE banks
[    0.535348] Last level iTLB entries: 4KB 512, 2MB 8, 4MB 8
[    0.537036] Last level dTLB entries: 4KB 512, 2MB 32, 4MB 32, 1GB 0
[    0.541598] Freeing SMP alternatives memory: 32K
[    0.556695] ftrace: allocating 32148 entries in 126 pages
[    0.790086] smpboot: APIC(0) Converting physical 0 to logical package 0
[    0.793110] smpboot: Max logical packages: 1
[    0.795635] x2apic enabled
[    0.821677] Switched APIC routing to physical x2apic.
[    0.837840] ..TIMER: vector=0x30 apic1=0 pin1=2 apic2=-1 pin2=-1
[    0.958158] APIC calibration not consistent with PM-Timer: 101ms instead of 100ms
[    0.965366] APIC delta adjusted to PM-Timer: 6227254 (6348632)
[    0.966852] smpboot: CPU0: Intel(R) Core(TM) i3-2310M CPU @ 2.10GHz (family: 0x6, model: 0x2a, stepping: 0x7)
[    0.969472] Performance Events: unsupported p6 CPU model 42 no PMU driver, software events only.
[    0.971850] KVM setup paravirtual spinlock
[    0.973853] x86: Booting SMP configuration:
[    0.998805] .... node  #0, CPUs:      #1
[    1.041859] kvm-clock: cpu 1, msr 0:3ffe3041, secondary cpu clock
[    1.044677] mce: CPU supports 0 MCE banks
[    1.047587] x86: Booted up 1 node, 2 CPUs
[    1.076325] smpboot: Total of 2 processors activated (8380.96 BogoMIPS)
[    1.078947] devtmpfs: initialized
[    1.082730] evm: security.selinux
[    1.083653] evm: security.SMACK64
[    1.084561] evm: security.SMACK64EXEC
[    1.085523] evm: security.SMACK64TRANSMUTE
[    1.086610] evm: security.SMACK64MMAP
[    1.087576] evm: security.ima
[    1.088423] evm: security.capability
[    1.089608] clocksource: jiffies: mask: 0xffffffff max_cycles: 0xffffffff, max_idle_ns: 7645041785100000 ns
[    1.091948] futex hash table entries: 512 (order: 3, 32768 bytes)
[    1.104473] pinctrl core: initialized pinctrl subsystem
[    1.106236] RTC time: 20:31:20, date: 10/29/17
[    1.108523] NET: Registered protocol family 16
[    1.122641] cpuidle: using governor ladder
[    1.134887] cpuidle: using governor menu
[    1.149245] PCCT header not found.
[    1.151731] ACPI: bus type PCI registered
[    1.153086] acpiphp: ACPI Hot Plug PCI Controller Driver version: 0.5
[    1.155210] PCI: Using configuration type 1 for base access
[    1.172318] ACPI: Added _OSI(Module Device)
[    1.179635] ACPI: Added _OSI(Processor Device)
[    1.181581] ACPI: Added _OSI(3.0 _SCP Extensions)
[    1.183209] ACPI: Added _OSI(Processor Aggregator Device)
[    1.185817] ACPI: Executed 1 blocks of module-level executable AML code
[    1.190563] ACPI: Interpreter enabled
[    1.207069] ACPI: (supports S0 S5)
[    1.207997] ACPI: Using IOAPIC for interrupt routing
[    1.209385] PCI: Using host bridge windows from ACPI; if necessary, use "pci=nocrs" and report a bug
[    1.216351] ACPI: PCI Root Bridge [PCI0] (domain 0000 [bus 00-ff])
[    1.238367] acpi PNP0A03:00: _OSC: OS supports [ASPM ClockPM Segments MSI]
[    1.239931] acpi PNP0A03:00: _OSC failed (AE_NOT_FOUND); disabling ASPM
[    1.241381] acpi PNP0A03:00: fail to add MMCONFIG information, can't access extended PCI configuration space under this bridge.
[    1.255821] PCI host bridge to bus 0000:00
[    1.257139] pci_bus 0000:00: root bus resource [io  0x0000-0x0cf7 window]
[    1.265216] pci_bus 0000:00: root bus resource [io  0x0d00-0xffff window]
[    1.266777] pci_bus 0000:00: root bus resource [mem 0x000a0000-0x000bffff window]
[    1.274532] pci_bus 0000:00: root bus resource [mem 0x40000000-0xffdfffff window]
[    1.276891] pci_bus 0000:00: root bus resource [bus 00-ff]
[    1.281590] pci 0000:00:01.1: legacy IDE quirk: reg 0x10: [io  0x01f0-0x01f7]
[    1.283761] pci 0000:00:01.1: legacy IDE quirk: reg 0x14: [io  0x03f6]
[    1.285726] pci 0000:00:01.1: legacy IDE quirk: reg 0x18: [io  0x0170-0x0177]
[    1.287760] pci 0000:00:01.1: legacy IDE quirk: reg 0x1c: [io  0x0376]
[    1.319305] pci 0000:00:07.0: quirk: [io  0x4000-0x403f] claimed by PIIX4 ACPI
[    1.340049] pci 0000:00:07.0: quirk: [io  0x4100-0x410f] claimed by PIIX4 SMB
[    1.359899] ACPI: PCI Interrupt Link [LNKA] (IRQs 5 9 10 *11)
[    1.368038] ACPI: PCI Interrupt Link [LNKB] (IRQs 5 9 10 *11)
[    1.370463] ACPI: PCI Interrupt Link [LNKC] (IRQs 5 9 *10 11)
[    1.372804] ACPI: PCI Interrupt Link [LNKD] (IRQs 5 *9 10 11)
[    1.375272] ACPI: Enabled 2 GPEs in block 00 to 07
[    1.377470] vgaarb: setting as boot device: PCI:0000:00:02.0
[    1.379222] vgaarb: device added: PCI:0000:00:02.0,decodes=io+mem,owns=io+mem,locks=none
[    1.383008] vgaarb: loaded
[    1.383989] vgaarb: bridge control possible 0000:00:02.0
[    1.385948] SCSI subsystem initialized
[    1.387453] ACPI: bus type USB registered
[    1.388819] usbcore: registered new interface driver usbfs
[    1.390611] usbcore: registered new interface driver hub
[    1.392286] usbcore: registered new device driver usb
[    1.394393] PCI: Using ACPI for IRQ routing
[    1.396102] NetLabel: Initializing
[    1.397256] NetLabel:  domain hash size = 128
[    1.398719] NetLabel:  protocols = UNLABELED CIPSOv4
[    1.400298] NetLabel:  unlabeled traffic allowed by default
[    1.402336] amd_nb: Cannot enumerate AMD northbridges
[    1.404012] clocksource: Switched to clocksource kvm-clock
[    1.415336] AppArmor: AppArmor Filesystem Enabled
[    1.422326] pnp: PnP ACPI init
[    1.424446] pnp: PnP ACPI: found 3 devices
[    1.437799] clocksource: acpi_pm: mask: 0xffffff max_cycles: 0xffffff, max_idle_ns: 2085701024 ns
[    1.443193] NET: Registered protocol family 2
[    1.444784] TCP established hash table entries: 8192 (order: 4, 65536 bytes)
[    1.446862] TCP bind hash table entries: 8192 (order: 5, 131072 bytes)
[    1.448836] TCP: Hash tables configured (established 8192 bind 8192)
[    1.451368] UDP hash table entries: 512 (order: 2, 16384 bytes)
[    1.454355] UDP-Lite hash table entries: 512 (order: 2, 16384 bytes)
[    1.456261] NET: Registered protocol family 1
[    1.457709] pci 0000:00:00.0: Limiting direct PCI/PCI transfers
[    1.459524] pci 0000:00:01.0: Activating ISA DMA hang workarounds
[    1.461635] Unpacking initramfs...
[    4.352226] Freeing initrd memory: 10840K
[    4.466511] RAPL PMU detected, API unit is 2^-32 Joules, 3 fixed counters 10737418240 ms ovfl timer
[    4.735543] hw unit of domain pp0-core 2^-0 Joules
[    4.807468] hw unit of domain package 2^-0 Joules
[    4.808963] hw unit of domain pp1-gpu 2^-0 Joules
[    4.813393] platform rtc_cmos: registered platform RTC device (no PNP device found)
[    4.818327] Scanning for low memory corruption every 60 seconds
[    4.827559] audit: initializing netlink subsys (disabled)
[    4.829195] audit: type=2000 audit(1509309088.999:1): initialized
[    4.831298] Initialise system trusted keyring
[    4.832951] HugeTLB registered 2 MB page size, pre-allocated 0 pages
[    4.836968] zbud: loaded
[    4.838296] VFS: Disk quotas dquot_6.6.0
[    4.839559] VFS: Dquot-cache hash table entries: 512 (order 0, 4096 bytes)
[    4.842930] squashfs: version 4.0 (2009/01/31) Phillip Lougher
[    4.845037] fuse init (API version 7.23)
[    4.848936] Key type big_key registered
[    4.850175] Allocating IMA MOK and blacklist keyrings.
[    4.855289] Key type asymmetric registered
[    4.856603] Asymmetric key parser 'x509' registered
[    4.859323] Block layer SCSI generic (bsg) driver version 0.4 loaded (major 249)
[    4.861644] io scheduler noop registered
[    4.862858] io scheduler deadline registered (default)
[    4.864337] io scheduler cfq registered
[    4.865647] pci_hotplug: PCI Hot Plug PCI Core version: 0.5
[    4.867156] pciehp: PCI Express Hot Plug Controller Driver version: 0.4
[    4.869066] ACPI: AC Adapter [AC] (on-line)
[    4.870389] input: Power Button as /devices/LNXSYSTM:00/LNXPWRBN:00/input/input0
[    4.872561] ACPI: Power Button [PWRF]
[    4.892404] input: Sleep Button as /devices/LNXSYSTM:00/LNXSLPBN:00/input/input1
[    4.940017] ACPI: Sleep Button [SLPF]
[    4.941876] GHES: HEST is not enabled!
[    4.942881] ACPI: Battery Slot [BAT0] (battery present)
[    4.945407] Serial: 8250/16550 driver, 32 ports, IRQ sharing enabled
ÿ[    4.988550] 00:02: ttyS0 at I/O 0x3f8 (irq = 4, base_baud = 115200) is a 16550A
[    5.027707] Linux agpgart interface v0.103
[    5.031497] loop: module loaded
[    5.061202] scsi host0: ata_piix
[    5.088962] scsi host1: ata_piix
[    5.099055] ata1: PATA max UDMA/33 cmd 0x1f0 ctl 0x3f6 bmdma 0xd000 irq 14
[    5.100840] ata2: PATA max UDMA/33 cmd 0x170 ctl 0x376 bmdma 0xd008 irq 15
[    5.121243] libphy: Fixed MDIO Bus: probed
[    5.130051] tun: Universal TUN/TAP device driver, 1.6
[    5.170659] tun: (C) 1999-2004 Max Krasnyansky <maxk@qualcomm.com>
[    5.178436] PPP generic driver version 2.4.2
[    5.181876] ehci_hcd: USB 2.0 'Enhanced' Host Controller (EHCI) Driver
[    5.204718] ehci-pci: EHCI PCI platform driver
[    5.206987] ehci-platform: EHCI generic platform driver
[    5.209428] ohci_hcd: USB 1.1 'Open' Host Controller (OHCI) Driver
[    5.250259] ohci-pci: OHCI PCI platform driver
[    5.266942] ohci-platform: OHCI generic platform driver
[    5.280890] uhci_hcd: USB Universal Host Controller Interface driver
[    5.288328] i8042: PNP: PS/2 Controller [PNP0303:PS2K,PNP0f03:PS2M] at 0x60,0x64 irq 1,12
[    5.291324] serio: i8042 KBD port at 0x60,0x64 irq 1
[    5.292836] serio: i8042 AUX port at 0x60,0x64 irq 12
[    5.297786] mousedev: PS/2 mouse device common for all mice
[    5.301829] input: AT Translated Set 2 keyboard as /devices/platform/i8042/serio0/input/input2
[    5.304944] rtc_cmos rtc_cmos: rtc core: registered rtc_cmos as rtc0
[    5.311848] rtc_cmos rtc_cmos: alarms up to one day, 114 bytes nvram
[    5.314259] i2c /dev entries driver
[    5.315956] device-mapper: uevent: version 1.0.3
[    5.318197] device-mapper: ioctl: 4.34.0-ioctl (2015-10-28) initialised: dm-devel@redhat.com
[    5.321546] ledtrig-cpu: registered to indicate activity on CPUs
[    5.324276] NET: Registered protocol family 10
[    5.325987] NET: Registered protocol family 17
[    5.399092] Key type dns_resolver registered
[    5.400763] microcode: CPU0 sig=0x206a7, pf=0x10, revision=0x0
[    5.405356] microcode: CPU1 sig=0x206a7, pf=0x10, revision=0x0
[    5.407108] microcode: Microcode Update Driver: v2.01 <tigran@aivazian.fsnet.co.uk>, Peter Oruba
[    5.411238] registered taskstats version 1
[    5.412507] Loading compiled-in X.509 certificates
[    5.415218] Loaded X.509 cert 'Build time autogenerated kernel key: d1010f9627fd9242df4b03365d2931dfd1ad3d42'
[    5.418065] zswap: loaded using pool lzo/zbud
[    5.422276] Key type trusted registered
[    5.432070] Key type encrypted registered
[    5.439217] AppArmor: AppArmor sha1 policy hashing enabled
[    5.440781] ima: No TPM chip found, activating TPM-bypass!
[    5.460681] evm: HMAC attrs: 0x1
[    5.541281]   Magic number: 5:804:549
[    5.698357] tty ttyS25: hash matches
[    5.817644] tsc: Refined TSC clocksource calibration: 2098.940 MHz
[    5.817648] clocksource: tsc: mask: 0xffffffffffffffff max_cycles: 0x1e4147334f9, max_idle_ns: 440795241201 ns
[    6.268999] clockevents clockevent0: hash matches
[    6.276732] acpi PNP0C0F:00: hash matches
[    6.284207] rtc_cmos rtc_cmos: setting system clock to 2017-10-29 20:31:26 UTC (1509309086)
[    6.289299] BIOS EDD facility v0.16 2004-Jun-25, 0 devices found
[    6.292512] EDD information not available.
[    6.298233] Freeing unused kernel memory: 1492K
[    6.301843] Write protecting the kernel read-only data: 14336k
[    6.304947] Freeing unused kernel memory: 1748K
[    6.315924] Freeing unused kernel memory: 112K
Loading, please wait...
starting version[    6.343885] random: systemd-udevd: uninitialized urandom read (16 bytes read, 3 bits of entropy available)
 229
[    6.345890] random: udevadm: uninitialized urandom read (16 bytes read, 3 bits of entropy available)
[    6.345945] random: udevadm: uninitialized urandom read (16 bytes read, 3 bits of entropy available)
[    6.372552] random: udevadm: uninitialized urandom read (16 bytes read, 3 bits of entropy available)
[    6.372660] random: udevadm: uninitialized urandom read (16 bytes read, 3 bits of entropy available)
[    6.373069] random: udevadm: uninitialized urandom read (16 bytes read, 3 bits of entropy available)
[    6.373237] random: udevadm: uninitialized urandom read (16 bytes read, 3 bits of entropy available)
[    6.373386] random: udevadm: uninitialized urandom read (16 bytes read, 3 bits of entropy available)
[    6.373549] random: udevadm: uninitialized urandom read (16 bytes read, 3 bits of entropy available)
[    6.373713] random: udevadm: uninitialized urandom read (16 bytes read, 3 bits of entropy available)
[    6.543734] e1000: Intel(R) PRO/1000 Network Driver - version 7.3.21-k8-NAPI
[    6.554500] e1000: Copyright (c) 1999-2006 Intel Corporation.
[    6.573626] Fusion MPT base driver 3.04.20
[    6.617656] Copyright (c) 1999-2008 LSI Corporation
[    6.627354] Fusion MPT SPI Host driver 3.04.20
[    6.850194] input: ImExPS/2 Generic Explorer Mouse as /devices/platform/i8042/serio1/input/input4
[    6.995811] e1000 0000:00:03.0 eth0: (PCI:33MHz:32-bit) 02:f7:08:d4:89:2e
[    7.008636] e1000 0000:00:03.0 eth0: Intel(R) PRO/1000 Network Connection
[    7.392733] e1000 0000:00:08.0 eth1: (PCI:33MHz:32-bit) 08:00:27:9a:d1:b4
[    7.418260] e1000 0000:00:08.0 eth1: Intel(R) PRO/1000 Network Connection
[    7.423088] e1000 0000:00:03.0 enp0s3: renamed from eth0
[    7.433818] mptbase: ioc0: Initiating bringup
[    7.448533] e1000 0000:00:08.0 enp0s8: renamed from eth1
[    7.506553] ioc0: LSI53C1030 A0: Capabilities={Initiator}
[    7.709079] scsi host2: ioc0: LSI53C1030 A0, FwRev=00000000h, Ports=1, MaxQ=256, IRQ=20
[    7.877319] scsi 2:0:0:0: Direct-Access     VBOX     HARDDISK         1.0  PQ: 0 ANSI: 5
[    8.126518] scsi target2:0:0: Beginning Domain Validation
[    8.278866] scsi target2:0:0: Domain Validation skipping write tests
[    8.298104] scsi target2:0:0: Ending Domain Validation
[    8.300252] scsi target2:0:0: asynchronous
[    8.302696] scsi 2:0:1:0: Direct-Access     VBOX     HARDDISK         1.0  PQ: 0 ANSI: 5
[    8.323446] scsi target2:0:1: Beginning Domain Validation
[    8.334667] scsi target2:0:1: Domain Validation skipping write tests
[    8.346745] scsi target2:0:1: Ending Domain Validation
[    8.348028] scsi target2:0:1: asynchronous
[    8.359317] sd 2:0:0:0: Attached scsi generic sg0 type 0
[    8.362956] sd 2:0:0:0: [sda] 20971520 512-byte logical blocks: (10.7 GB/10.0 GiB)
[    8.363291] sd 2:0:1:0: Attached scsi generic sg1 type 0
[    8.363564] sd 2:0:1:0: [sdb] 20480 512-byte logical blocks: (10.5 MB/10.0 MiB)
[    8.363794] sd 2:0:1:0: [sdb] Write Protect is off
[    8.363942] sd 2:0:1:0: [sdb] Incomplete mode parameter data
[    8.363944] sd 2:0:1:0: [sdb] Assuming drive cache: write through
[    8.381039] sd 2:0:0:0: [sda] Write Protect is off
[    8.388689] sd 2:0:1:0: [sdb] Attached SCSI disk
[    8.399023] sd 2:0:0:0: [sda] Incomplete mode parameter data
[    8.400870] sd 2:0:0:0: [sda] Assuming drive cache: write through
[    8.418649]  sda: sda1
[    8.425512] sd 2:0:0:0: [sda] Attached SCSI disk
[    9.665287] floppy0: no floppy controllers found
Begin: Loading essential drivers[   11.195269] md: linear personality registered for level -1
 ... [   11.234844] md: multipath personality registered for level -4
[   11.260959] md: raid0 personality registered for level 0
[   11.277766] md: raid1 personality registered for level 1
[   11.372033] raid6: sse2x1   gen()  5501 MB/s
[   11.492043] raid6: sse2x1   xor()  4280 MB/s
[   11.572036] raid6: sse2x2   gen()  6875 MB/s
[   11.660042] raid6: sse2x2   xor()  4972 MB/s
[   11.740045] raid6: sse2x4   gen()  7911 MB/s
[   11.820028] raid6: sse2x4   xor()  5865 MB/s
[   11.835258] raid6: using algorithm sse2x4 gen() 7911 MB/s
[   11.836514] raid6: .... xor() 5865 MB/s, rmw enabled
[   11.837699] raid6: using ssse3x2 recovery algorithm
[   11.841105] xor: automatically using best checksumming function:
[   11.904742]    avx       : 18424.000 MB/sec
[   11.927538] async_tx: api initialized (async)
[   11.949124] md: raid6 personality registered for level 6
[   11.979763] md: raid5 personality registered for level 5
[   11.995427] md: raid4 personality registered for level 4
[   12.004068] md: raid10 personality registered for level 10
done.
Begin: Running /scripts/init-premount ... done.
Begin: Mounting root file system ... Begin: Running /scripts/local-top ... done.
Begin: Running /scripts/local-premount ... [   12.066885] Btrfs loaded
Scanning for Btrfs filesystems
done.
Warning: fsck not present, so sk[   12.131857] EXT4-fs (sda1): INFO: recovery required on readonly filesystem
ipping root file system
[   12.145203] EXT4-fs (sda1): write access will be enabled during recovery
[   12.211756] EXT4-fs (sda1): orphan cleanup on readonly fs
[   12.355045] EXT4-fs (sda1): 7 orphan inodes deleted
[   12.373569] EXT4-fs (sda1): recovery complete
[   12.375844] EXT4-fs (sda1): mounted filesystem with ordered data mode. Opts: (null)
done.
Begin: Running /scripts/local-bottom ... done.
Begin: Running /scripts/init-bottom ... done.
[   13.201488] random: nonblocking pool is initialized
[   13.311429] systemd[1]: systemd 229 running in system mode. (+PAM +AUDIT +SELINUX +IMA +APPARMOR +SMACK +SYSVINIT +UTMP +LIBCRYPTSETUP +GCRYPT +GNUTLS +ACL +XZ -LZ4 +SECCOMP +BLKID +ELFUTILS +KMOD -IDN)
[   13.322704] systemd[1]: Detected virtualization oracle.
[   13.324401] systemd[1]: Detected architecture x86-64.

Welcome to [1mUbuntu 16.04.3 LTS[0m!

[   13.378380] systemd[1]: Set hostname to <vagipal>.
[   15.090139] systemd[1]: Started Trigger resolvconf update for networkd DNS.
[[0;32m  OK  [0m] Started Trigger resolvconf update for networkd DNS.
[   15.102295] systemd[1]: Listening on Journal Audit Socket.
[[0;32m  OK  [0m] Listening on Journal Audit Socket.
[   15.111536] systemd[1]: Set up automount Arbitrary Executable File Formats File System Automount Point.
[[0;32m  OK  [0m] Set up automount Arbitrary Executab...ats File System Automount Point.
[   15.117141] systemd[1]: Listening on Journal Socket.
[[0;32m  OK  [0m] Listening on Journal Socket.
[   15.120592] systemd[1]: Listening on /dev/initctl Compatibility Named Pipe.
[[0;32m  OK  [0m] Listening on /dev/initctl Compatibility Named Pipe.
[   15.131354] systemd[1]: Created slice System Slice.
[[0;32m  OK  [0m] Created slice System Slice.
[   15.176321] systemd[1]: Starting Set console keymap...
         Starting Set console keymap...
[   15.199436] systemd[1]: Listening on udev Control Socket.
[[0;32m  OK  [0m] Listening on udev Control Socket.
[   15.208397] systemd[1]: Listening on Syslog Socket.
[[0;32m  OK  [0m] Listening on Syslog Socket.
[   15.217035] systemd[1]: Reached target User and Group Name Lookups.
[[0;32m  OK  [0m] Reached target User and Group Name Lookups.
[   15.288730] systemd[1]: Starting Load Kernel Modules...
         Starting Load Kernel Modules...
[   15.303561] systemd[1]: Listening on Device-mapper event daemon FIFOs.
[[0;32m  OK  [0m] Listening on Device-mapper event daemon FIFOs.
[   15.329684] systemd[1]: Created slice system-serial\x2dgetty.slice.
[[0;32m  OK  [0m] Created slice system-serial\x2dgetty.slice.
[   15.336432] systemd[1]: Listening on udev Kernel Socket.
[[0;32m  OK  [0m] Listening on udev Kernel Socket.
[   15.376237] systemd[1]: Mounting Huge Pages File System...
         Mounting Huge Pages File System...
[   15.396213] systemd[1]: Starting Create list of required static device nodes for the current kernel...
         Starting Create list of required st... nodes for the current kernel...
[   15.430885] systemd[1]: Reached target Swap.
[[0;32m  OK  [0m] Reached target Swap.
[   15.448339] systemd[1]: Mounting POSIX Message Queue File System...
         Mounting POSIX Message Queue File System...
[   15.459139] systemd[1]: Mounting Debug File System...
         Mounting Debug File System...
[   15.465362] systemd[1]: Created slice User and Session Slice.
[[0;32m  OK  [0m] Created slice User and Session Slice.
[   15.470043] systemd[1]: Starting Uncomplicated firewall...
         Starting Uncomplicated firewall...
[   15.475559] systemd[1]: Started Forward Password Requests to Wall Directory Watch.
[[0;32m  OK  [0m] Started Forward Password Requests to Wall Directory Watch.
[   15.496733] systemd[1]: Starting Remount Root and Kernel File Systems...
         Starting Remount Root and Kernel File Systems...
[   15.539304] EXT4-fs (sda1): re-mounted. Opts: (null)
[   15.550590] Loading iSCSI transport class v2.0-870.
[   15.583927] systemd[1]: Listening on LVM2 metadata daemon socket.
[[0;32m  OK  [0m] Listening on LVM2 metadata daemon socket.
[   15.608541] systemd[1]: Starting Monitoring of LVM2 mirrors, snapshots etc. using dmeventd or progress polling...
         Starting Monitoring of LVM2 mirrors... dmeventd or progress polling...
[   15.917008] systemd[1]: Starting Nameserver information manager...
         Starting Nameserver inf[   16.089242] iscsi: registered transport (tcp)
ormation manager...
[   16.116738] systemd[1]: Listening on LVM2 poll daemon socket.
[[0;32m  OK  [0m] Listening on LVM2 poll daemon socket.
[   16.123034] systemd[1]: Listening on Journal Socket (/dev/log).
[[0;32m  OK  [0m] Listening on Journal Socket (/dev/log).
[   16.149348] systemd[1]: Starting Journal Service...
         Starting Journal Service...
[   16.189695] systemd[1]: Reached target Encrypted Volumes.
[[0;32m  OK  [0m] Reached target Encrypted Volumes.
[   16.197573] systemd[1]: Reached target Slices.
[[0;32m  OK  [0m] Reached target Slices.
[   16.217473] systemd[1]: Mounted Debug File System.
[[0;32m  OK  [0m] Mounted Debug File System.
[   16.243949] systemd[1]: Mounted Huge Pages File System.
[[0;32m  OK  [0m] Mounted Huge Pages File System.
[   16.246787] systemd[1]: Mounted POSIX Message Queue File System.
[[0;32m  OK  [0m] Mounted POSIX Message Queue File System.
[   16.250448] systemd[1]: Started Set console keymap.
[[0;32m  OK  [0m] Started Set console keymap.
[   16.254059] systemd[1]: Started Create list of required static device nodes for the current kernel.
[[0;32m  OK  [0m] Started Create list of required sta...ce nodes for the current kernel.
[   16.259136] systemd[1]: Started Uncomplicated firewall.
[[0;32m  OK  [0m] Started Uncomplicated firewall.
[   16.262544] systemd[1]: Started Remount Root and Kernel File Systems.
[[0;32m  OK  [0m] Started Remount Root and Kernel File Systems.
[   16.328558] systemd[1]: Starting Initial cloud-init job (pre-networking)...
         Starting Initial cloud-init job (pre-networking)...
[   16.509322] iscsi: registered transport (iser)
[   16.552921] systemd[1]: Starting udev Coldplug all Devices...
         Starting udev Coldplug all Devices...
[   16.761025] systemd[1]: Starting Load/Save Random Seed...
         Starting Load/Save Random Seed...
[   16.808658] systemd[1]: Starting Create Static Device Nodes in /dev...
         Starting Create Static Device Nodes in /dev...
[   16.867717] systemd[1]: Started Load Kernel Modules.
[[0;32m  OK  [0m] Started Load Kernel Modules.
[   16.952335] systemd[1]: Started Nameserver information manager.
[[0;32m  OK  [0m] Started Nameserver information manager.
[   16.973968] systemd[1]: Started Journal Service.
[[0;32m  OK  [0m] Started Journal Service.
[[0;32m  OK  [0m] Started Load/Save Random Seed.
[[0;32m  OK  [0m] Started udev Coldplug all Devices.
         Starting Flush Journal to Persistent Storage...
         Mounting FUSE Control File System...
         Starting Apply Kernel Variables...
[[0;32m  OK  [0m] Mounted FUSE Control File System.
[[0;32m  OK  [0m] Started LVM2 metadata daemon.
[   17.204835] systemd-journald[385]: Received request to flush runtime journal from PID 1
[[0;32m  OK  [0m] Started Flush Journal to Persistent Storage.
[[0;32m  OK  [0m] Started Apply Kernel Variables.
[[0;32m  OK  [0m] Started Monitoring of LVM2 mirrors,...ng dmeventd or progress polling.
[[0;32m  OK  [0m] Started Create Static Device Nodes in /dev.
         Starting udev Kernel Device Manager...
[[0;32m  OK  [0m] Started udev Kernel Device Manager.
[[0;32m  OK  [0m] Started Dispatch Password Requests to Console Directory Watch.
[[0;32m  OK  [0m] Reached target Local File Systems (Pre).
[[0;32m  OK  [0m] Reached target Local File Systems.
         Starting Create Volatile Files and Directories...
         Starting Set console font and keymap...
         Starting Tell Plymouth To Write Out Runtime Data...
         Starting LSB: AppArmor initialization...
[[0;32m  OK  [0m] Started Tell Plymouth To Write Out Runtime Data.
[[0;32m  OK  [0m] Found device /dev/ttyS0.
[[0;32m  OK  [0m] Started Create Volatile Files and Directories.
         Starting Update UTMP about System Boot/Shutdown...
[[0;32m  OK  [0m] Reached target System Time Synchronized.
[[0;32m  OK  [0m] Started Update UTMP about System Boot/Shutdown.
[[0;32m  OK  [0m] Found device 82540EM Gigabit Ethern...r (PRO/1000 MT Desktop Adapter).
[[0;32m  OK  [0m] Found device 82540EM Gigabit Ethern...r (PRO/1000 MT Desktop Adapter).
[[0;32m  OK  [0m] Started Set console font and keymap.
[[0;32m  OK  [0m] Created slice system-getty.slice.
[[0;32m  OK  [0m] Listening on Load/Save RF Kill Switch Status /dev/rfkill Watch.
[[0;32m  OK  [0m] Started LSB: AppArmor initialization.
[   25.069944] cloud-init[395]: Cloud-init v. 0.7.9 running 'init-local' at Sun, 29 Oct 2017 20:31:45 +0000. Up 24.07 seconds.
[[0;32m  OK  [0m] Started Initial cloud-init job (pre-networking).
[[0;32m  OK  [0m] Reached target Network (Pre).
         Starting Raise network interfaces...
[[0;32m  OK  [0m] Started ifup for enp0s8.
[[0;32m  OK  [0m] Started ifup for enp0s3.
[[0;32m  OK  [0m] Started Raise network interfaces.
[[0;32m  OK  [0m] Reached target Network.
         Starting Initial cloud-init job (metadata service crawler)...
[   27.300576] cloud-init[1034]: Cloud-init v. 0.7.9 running 'init' at Sun, 29 Oct 2017 20:31:47 +0000. Up 26.06 seconds.
[   27.377194] cloud-init[1034]: ci-info: ++++++++++++++++++++++++++++++++++++++Net device info++++++++++++++++++++++++++++++++++++++
[   27.399830] cloud-init[1034]: ci-info: +--------+------+-----------------------------+---------------+-------+-------------------+
[[0;32m  OK  [0m] Started Initial cloud-init job (metadata service crawler).
[   27.400272] cloud-init[1034]: ci-info: | Device |  Up  |           Address           |      Mask     | Scope |     Hw-Address    |
[   27.451031] cloud-init[1034]: ci-info: +--------+------+-----------------------------+---------------+-------+-------------------+
[   27.459775] cloud-init[1034]: ci-info: | enp0s3 | True |          10.0.2.15          | 255.255.255.0 |   .   | 02:f7:08:d4:89:2e |
[   27.460622] cloud-init[1034]: ci-info: | enp0s3 | True |  fe80::f7:8ff:fed4:892e/64  |       .       |  link | 02:f7:08:d4:89:2e |
[   27.461392] cloud-init[1034]: ci-info: |   lo   | True |          127.0.0.1          |   255.0.0.0   |   .   |         .         |
[[0;32m  OK  [0m] Reached target Cloud-config availability.
[   27.462011] cloud-init[1034]: ci-info: |   lo   | True |           ::1/128           |       .       |  host |         .         |
[   27.472077] cloud-init[1034]: ci-info: | enp0s8 | True |        118.97.103.105       | 255.255.255.0 |   .   | 08:00:27:9a:d1:b4 |
[[0;32m  OK  [0m] Reached target System Initialization.
[   27.472192] cloud-init[1034]: ci-info: | enp0s8 | True | fe80::a00:27ff:fe9a:d1b4/64 |       .       |  link | 08:00:27:9a:d1:b4 |
[   27.533754] cloud-init[1034]: ci-info: +--------+------+-----------------------------+---------------+-------+-------------------+
[   27.552464] cloud-init[1034]: ci-info: ++++++++++++++++++++++++++++Route IPv4 info++++++++++++++++++++++++++++
[   27.552944] cloud-init[1034]: ci-info: +-------+--------------+----------+---------------+-----------+-------+
[[0;32m  OK  [0m] Started ACPI Events Check.
[   27.553112] cloud-init[1034]: ci-info: | Route | Destination  | Gateway  |    Genmask    | Interface | Flags |
[   27.561908] cloud-init[1034]: ci-info: +-------+--------------+----------+---------------+-----------+-------+
[[0;32m  OK  [0m] Reached target Paths.
[[   27.562043] cloud-init[1034]: ci-info: |   0   |   0.0.0.0    | 10.0.2.2 |    0.0.0.0    |   enp0s3  |   UG  |
[   27.583972] cloud-init[1034]: ci-info: |   1   |   10.0.2.0   | 0.0.0.0  | 255.255.255.0 |   enp0s3  |   U   |
[0;32m  OK  [0m] Listening on ACPID Listen Socket.
[   27.584087] cloud-init[1034]: ci-info: |   2   | 118.97.103.0 | 0.0.0.0  | 255.255.255.0 |   enp0s8  |   U   |
[   27.598630] cloud-init[1034]: ci-info: +-------+--------------+----------+---------------+-----------+-------+
[[0;32m  OK  [0m] Listening on UUID daemon activation socket.
[[0;32m  OK  [0m] Started Timer to automatically refresh installed snaps.
         Starting Socket activation for snappy daemon.
[[0;32m  OK  [0m] Listening on D-Bus System Message Bus Socket.
[[0;32m  OK  [0m] Started Daily Cleanup of Temporary Directories.
         Starting LXD - unix socket.
[[0;32m  OK  [0m] Started Timer to automatically fetch and run repair assertions.
[[0;32m  OK  [0m] Reached target Network is Online.
[[0;32m  OK  [0m] Started Daily apt download activities.
[[0;32m  OK  [0m] Started Daily apt upgrade and clean activities.
[[0;32m  OK  [0m] Reached target Timers.
         Starting iSCSI initiator daemon (iscsid)...
[[0;32m  OK  [0m] Listening on Socket activation for snappy daemon.
[[0;32m  OK  [0m] Listening on LXD - unix socket.
[[0;32m  OK  [0m] Reached target Sockets.
[[0;32m  OK  [0m] Reached target Basic System.
         Starting Accounts Service...
         Starting Login Service...
[[0;32m  OK  [0m] Started Unattended Upgrades Shutdown.
[[0;32m  OK  [0m] Started Deferred execution scheduler.
[[0;32m  OK  [0m] Started FUSE filesystem for LXC.
         Starting MySQL Community Server...
         Starting The PHP 7.0 FastCGI Process Manager...
         Starting Snappy daemon...
         Starting LSB: MD monitoring daemon...
[[0;32m  OK  [0m] Started D-Bus System Message Bus.
         Starting LXD - container startup/shutdown...
         Starting System Logging Service...
[[0;32m  OK  [0m] Started Regular background program processing daemon.
[[0;32m  OK  [0m] Started ACPI event daemon.
         Starting Apply the settings specified in cloud-config...
         Starting /etc/rc.local Compatibility...
         Starting LSB: Record successful boot for GRUB...
         Starting Pollinate to seed the pseudo random number generator...
[[0;32m  OK  [0m] Started /etc/rc.local Compatibility.
[[0;32m  OK  [0m] Started Login Service.
         Starting Authenticate and Authorize Users to Run Privileged Tasks...
[[0;32m  OK  [0m] Started LSB: Record successful boot for GRUB.
[[0;32m  OK  [0m] Started LSB: MD monitoring daemon.
[[0;32m  OK  [0m] Started iSCSI initiator daemon (iscsid).
         Starting Login to default iSCSI targets...
[[0;32m  OK  [0m] Started System Logging Service.
[[0;32m  OK  [0m] Started Authenticate and Authorize Users to Run Privileged Tasks.
[   31.125536] [[0;32m  OK  [0m] Started Accounts Service.
cloud-init[1135]: Cloud-init v. 0.7.9 running 'modules:config' at Sun, 29 Oct 2017 20:31:51 +0000. Up 30.49 seconds.
[[0;32m  OK  [0m] Started Login to default iSCSI targets.
[[0;32m  OK  [0m] Started Apply the settings specified in cloud-config.
[[0;32m  OK  [0m] Reached target Remote File Systems (Pre).
[[0;32m  OK  [0m] Reached target Remote File Systems.
         Starting LSB: VirtualBox Linux Additions...
         Starting LSB: automatic crash report generation...
         Starting LSB: Apache2 web server...
         Starting Permit User Sessions...
         Starting LSB: Set the CPU Frequency Scaling governor to "ondemand"...
         Starting LSB: daemon to balance interrupts for SMP systems...
[[0;32m  OK  [0m] Started LSB: Set the CPU Frequency Scaling governor to "ondemand".
[[0;32m  OK  [0m] Started Permit User Sessions.
         Starting Terminate Plymouth Boot Screen...
         Starting Hold until boot process finishes up...
[[0;32m  OK  [0m] Started Terminate Plymouth Boot Screen.
[[0;32m  OK  [0m] Started Hold until boot process finishes up.
         Starting Set console scheme...
[[0;32m  OK  [0m] Started Serial Getty on ttyS0.
[[0;32m  OK  [0m] Started Getty on tty1.
[[0;32m  OK  [0m] Reached target Login Prompts.
[[0;32m  OK  [0m] Started LSB: daemon to balance interrupts for SMP systems.
[[0;32m  OK  [0m] Started Set console scheme.
[[0;32m  OK  [0m] Started LSB: automatic crash report generation.
[[0;32m  OK  [0m] Started LSB: VirtualBox Linux Additions.
[[0;32m  OK  [0m] Started Snappy daemon.
         Starting Auto import assertions from block devices...
[[0;32m  OK  [0m] Started Auto import assertions from block devices.
[[0;32m  OK  [0m] Started LXD - container startup/shutdown.

Ubuntu 16.04.3 LTS vagipal ttyS0

vagipal login: [   45.715578] cloud-init[1589]: Cloud-init v. 0.7.9 running 'modules:final' at Sun, 29 Oct 2017 20:32:06 +0000. Up 45.44 seconds.
[   45.716294] cloud-init[1589]: Cloud-init v. 0.7.9 finished at Sun, 29 Oct 2017 20:32:06 +0000. Datasource DataSourceNoCloud [seed=/dev/sdb][dsmode=net].  Up 45.69 seconds
